<?xml version="1.0" encoding="UTF-8"?>
<coverage generated="1773157748926" clover="3.2.0">
  <project timestamp="1773157748926" name="All files">
    <metrics statements="23" coveredstatements="20" conditionals="3" coveredconditionals="2" methods="10" coveredmethods="7" elements="36" coveredelements="29" complexity="0" loc="23" ncloc="23" packages="2" files="4" classes="4"/>
    <package name="components.ui">
      <metrics statements="19" coveredstatements="16" conditionals="3" coveredconditionals="2" methods="9" coveredmethods="6"/>
      <file name="button.tsx" path="/Users/tejeshwarcdr/Documents/Documents - Tejeshwar’s MacBook Pro/ShedForge/ShedForge/frontend/components/ui/button.tsx">
        <metrics statements="7" coveredstatements="7" conditionals="3" coveredconditionals="2" methods="1" coveredmethods="1"/>
        <line num="1" count="1" type="stmt"/>
        <line num="2" count="1" type="stmt"/>
        <line num="3" count="1" type="stmt"/>
        <line num="5" count="1" type="stmt"/>
        <line num="7" count="1" type="stmt"/>
        <line num="49" count="1" type="cond" truecount="1" falsecount="1"/>
        <line num="60" count="1" type="stmt"/>
      </file>
      <file name="card.tsx" path="/Users/tejeshwarcdr/Documents/Documents - Tejeshwar’s MacBook Pro/ShedForge/ShedForge/frontend/components/ui/card.tsx">
        <metrics statements="9" coveredstatements="6" conditionals="0" coveredconditionals="0" methods="7" coveredmethods="4"/>
        <line num="1" count="1" type="stmt"/>
        <line num="3" count="1" type="stmt"/>
        <line num="85" count="1" type="stmt"/>
        <line num="86" count="1" type="stmt"/>
        <line num="87" count="0" type="stmt"/>
        <line num="88" count="1" type="stmt"/>
        <line num="89" count="0" type="stmt"/>
        <line num="90" count="0" type="stmt"/>
        <line num="91" count="1" type="stmt"/>
      </file>
      <file name="input.tsx" path="/Users/tejeshwarcdr/Documents/Documents - Tejeshwar’s MacBook Pro/ShedForge/ShedForge/frontend/components/ui/input.tsx">
        <metrics statements="3" coveredstatements="3" conditionals="0" coveredconditionals="0" methods="1" coveredmethods="1"/>
        <line num="1" count="1" type="stmt"/>
        <line num="3" count="1" type="stmt"/>
        <line num="21" count="1" type="stmt"/>
      </file>
    </package>
    <package name="lib">
      <metrics statements="4" coveredstatements="4" conditionals="0" coveredconditionals="0" methods="1" coveredmethods="1"/>
      <file name="utils.ts" path="/Users/tejeshwarcdr/Documents/Documents - Tejeshwar’s MacBook Pro/ShedForge/ShedForge/frontend/lib/utils.ts">
        <metrics statements="4" coveredstatements="4" conditionals="0" coveredconditionals="0" methods="1" coveredmethods="1"/>
        <line num="1" count="2" type="stmt"/>
        <line num="2" count="2" type="stmt"/>
        <line num="4" count="6" type="stmt"/>
        <line num="5" count="6" type="stmt"/>
      </file>
    </package>
  </project>
</coverage>
