{"/Users/tejeshwarcdr/Documents/Documents - Tejeshwar’s MacBook Pro/ShedForge/ShedForge/frontend/components/ui/button.tsx": {"path":"/Users/tejeshwarcdr/Documents/Documents - Tejeshwar’s MacBook Pro/ShedForge/ShedForge/frontend/components/ui/button.tsx","statementMap":{"0":{"start":{"line":60,"column":9},"end":{"line":60,"column":17}},"1":{"start":{"line":60,"column":17},"end":{"line":60,"column":null}},"2":{"start":{"line":1,"column":23},"end":{"line":1,"column":null}},"3":{"start":{"line":2,"column":21},"end":{"line":2,"column":null}},"4":{"start":{"line":3,"column":39},"end":{"line":3,"column":null}},"5":{"start":{"line":5,"column":19},"end":{"line":5,"column":null}},"6":{"start":{"line":7,"column":23},"end":{"line":36,"column":null}},"7":{"start":{"line":49,"column":15},"end":{"line":49,"column":null}}},"fnMap":{"0":{"name":"Button","decl":{"start":{"line":39,"column":9},"end":{"line":39,"column":16}},"loc":{"start":{"line":48,"column":3},"end":{"line":58,"column":null}}}},"branchMap":{"0":{"loc":{"start":{"line":43,"column":2},"end":{"line":43,"column":17}},"type":"default-arg","locations":[{"start":{"line":43,"column":12},"end":{"line":43,"column":17}}]},"1":{"loc":{"start":{"line":49,"column":15},"end":{"line":49,"column":null}},"type":"cond-expr","locations":[{"start":{"line":49,"column":25},"end":{"line":49,"column":29}},{"start":{"line":49,"column":32},"end":{"line":49,"column":null}}]}},"s":{"0":1,"1":0,"2":1,"3":1,"4":1,"5":1,"6":1,"7":1},"f":{"0":1},"b":{"0":[1],"1":[0,1]}}
,"/Users/tejeshwarcdr/Documents/Documents - Tejeshwar’s MacBook Pro/ShedForge/ShedForge/frontend/components/ui/card.tsx": {"path":"/Users/tejeshwarcdr/Documents/Documents - Tejeshwar’s MacBook Pro/ShedForge/ShedForge/frontend/components/ui/card.tsx","statementMap":{"0":{"start":{"line":85,"column":2},"end":{"line":85,"column":null}},"1":{"start":{"line":89,"column":2},"end":{"line":89,"column":null}},"2":{"start":{"line":91,"column":2},"end":{"line":91,"column":null}},"3":{"start":{"line":90,"column":2},"end":{"line":90,"column":null}},"4":{"start":{"line":87,"column":2},"end":{"line":87,"column":null}},"5":{"start":{"line":86,"column":2},"end":{"line":86,"column":null}},"6":{"start":{"line":88,"column":2},"end":{"line":88,"column":null}},"7":{"start":{"line":1,"column":23},"end":{"line":1,"column":null}},"8":{"start":{"line":3,"column":19},"end":{"line":3,"column":null}}},"fnMap":{"0":{"name":"Card","decl":{"start":{"line":5,"column":9},"end":{"line":5,"column":14}},"loc":{"start":{"line":5,"column":66},"end":{"line":16,"column":null}}},"1":{"name":"CardHeader","decl":{"start":{"line":18,"column":9},"end":{"line":18,"column":20}},"loc":{"start":{"line":18,"column":72},"end":{"line":29,"column":null}}},"2":{"name":"CardTitle","decl":{"start":{"line":31,"column":9},"end":{"line":31,"column":19}},"loc":{"start":{"line":31,"column":71},"end":{"line":39,"column":null}}},"3":{"name":"CardDescription","decl":{"start":{"line":41,"column":9},"end":{"line":41,"column":25}},"loc":{"start":{"line":41,"column":77},"end":{"line":49,"column":null}}},"4":{"name":"CardAction","decl":{"start":{"line":51,"column":9},"end":{"line":51,"column":20}},"loc":{"start":{"line":51,"column":72},"end":{"line":62,"column":null}}},"5":{"name":"CardContent","decl":{"start":{"line":64,"column":9},"end":{"line":64,"column":21}},"loc":{"start":{"line":64,"column":73},"end":{"line":72,"column":null}}},"6":{"name":"CardFooter","decl":{"start":{"line":74,"column":9},"end":{"line":74,"column":20}},"loc":{"start":{"line":74,"column":72},"end":{"line":82,"column":null}}}},"branchMap":{},"s":{"0":1,"1":0,"2":1,"3":0,"4":0,"5":1,"6":1,"7":1,"8":1},"f":{"0":1,"1":1,"2":1,"3":0,"4":0,"5":1,"6":0},"b":{}}
,"/Users/tejeshwarcdr/Documents/Documents - Tejeshwar’s MacBook Pro/ShedForge/ShedForge/frontend/components/ui/input.tsx": {"path":"/Users/tejeshwarcdr/Documents/Documents - Tejeshwar’s MacBook Pro/ShedForge/ShedForge/frontend/components/ui/input.tsx","statementMap":{"0":{"start":{"line":21,"column":9},"end":{"line":21,"column":null}},"1":{"start":{"line":1,"column":23},"end":{"line":1,"column":null}},"2":{"start":{"line":3,"column":19},"end":{"line":3,"column":null}}},"fnMap":{"0":{"name":"Input","decl":{"start":{"line":5,"column":9},"end":{"line":5,"column":15}},"loc":{"start":{"line":5,"column":75},"end":{"line":19,"column":null}}}},"branchMap":{},"s":{"0":1,"1":1,"2":1},"f":{"0":1},"b":{}}
,"/Users/tejeshwarcdr/Documents/Documents - Tejeshwar’s MacBook Pro/ShedForge/ShedForge/frontend/lib/utils.ts": {"path":"/Users/tejeshwarcdr/Documents/Documents - Tejeshwar’s MacBook Pro/ShedForge/ShedForge/frontend/lib/utils.ts","statementMap":{"0":{"start":{"line":4,"column":16},"end":{"line":4,"column":19}},"1":{"start":{"line":1,"column":38},"end":{"line":1,"column":null}},"2":{"start":{"line":2,"column":24},"end":{"line":2,"column":null}},"3":{"start":{"line":5,"column":2},"end":{"line":5,"column":null}}},"fnMap":{"0":{"name":"cn","decl":{"start":{"line":4,"column":16},"end":{"line":4,"column":19}},"loc":{"start":{"line":4,"column":42},"end":{"line":6,"column":null}}}},"branchMap":{},"s":{"0":6,"1":2,"2":2,"3":6},"f":{"0":6},"b":{}}
}
