TN:
SF:components/ui/button.tsx
FN:39,Button
FNF:1
FNH:1
FNDA:1,Button
DA:1,1
DA:2,1
DA:3,1
DA:5,1
DA:7,1
DA:49,1
DA:60,1
LF:7
LH:7
BRDA:43,0,0,1
BRDA:49,1,0,0
BRDA:49,1,1,1
BRF:3
BRH:2
end_of_record
TN:
SF:components/ui/card.tsx
FN:5,Card
FN:18,CardHeader
FN:31,CardTitle
FN:41,CardDescription
FN:51,CardAction
FN:64,CardContent
FN:74,CardFooter
FNF:7
FNH:4
FNDA:1,Card
FNDA:1,CardHeader
FNDA:1,CardTitle
FNDA:0,CardDescription
FNDA:0,CardAction
FNDA:1,CardContent
FNDA:0,CardFooter
DA:1,1
DA:3,1
DA:85,1
DA:86,1
DA:87,0
DA:88,1
DA:89,0
DA:90,0
DA:91,1
LF:9
LH:6
BRF:0
BRH:0
end_of_record
TN:
SF:components/ui/input.tsx
FN:5,Input
FNF:1
FNH:1
FNDA:1,Input
DA:1,1
DA:3,1
DA:21,1
LF:3
LH:3
BRF:0
BRH:0
end_of_record
TN:
SF:lib/utils.ts
FN:4,cn
FNF:1
FNH:1
FNDA:6,cn
DA:1,2
DA:2,2
DA:4,6
DA:5,6
LF:4
LH:4
BRF:0
BRH:0
end_of_record
