<?xml version="1.0" encoding="utf-8"?><testsuites name="pytest tests"><testsuite name="pytest" errors="0" failures="0" skipped="3" tests="120" time="233.558" timestamp="2026-03-10T21:13:30.860469+05:30" hostname="Tejeshwars-MacBook-Pro.local"><testcase classname="backend.tests.test_academic_entities" name="test_program_crud_permissions" time="0.314" /><testcase classname="backend.tests.test_academic_entities" name="test_students_endpoint_returns_only_students_for_admin_scheduler" time="0.209" /><testcase classname="backend.tests.test_api_integration" name="test_health_check" time="0.125" /><testcase classname="backend.tests.test_api_integration" name="test_detect_conflicts_valid_payload" time="0.103" /><testcase classname="backend.tests.test_auth" name="test_register_login_logout" time="0.130" /><testcase classname="backend.tests.test_auth" name="test_login_with_email_otp_verification" time="0.136" /><testcase classname="backend.tests.test_auth" name="test_login_otp_returns_actionable_error_when_smtp_not_configured" time="0.113" /><testcase classname="backend.tests.test_auth" name="test_login_otp_returns_actionable_error_when_smtp_auth_fails" time="0.116" /><testcase classname="backend.tests.test_auth" name="test_login_otp_returns_actionable_error_when_smtp_rate_limited" time="0.118" /><testcase classname="backend.tests.test_auth" name="test_login_otp_can_fallback_to_terminal_when_enabled" time="0.156" /><testcase classname="backend.tests.test_auth" name="test_faculty_otp_login_recreates_missing_faculty_profile" time="0.173" /><testcase classname="backend.tests.test_auth" name="test_login_rate_limit_blocks_excessive_attempts" time="0.128" /><testcase classname="backend.tests.test_auth" name="test_query_user_by_email_retries_after_schema_bootstrap" time="0.001" /><testcase classname="backend.tests.test_auth" name="test_query_user_by_email_returns_actionable_error_on_unrecoverable_schema_drift" time="0.001" /><testcase classname="backend.tests.test_benchmark_scheduler" name="test_benchmark_fast_solver_performance" time="0.002" /><testcase classname="backend.tests.test_benchmark_scheduler" name="test_full_integration_benchmark" time="0.000"><skipped type="pytest.skip" message="Needs full integration environment with seeded data">/Users/tejeshwarcdr/Documents/Documents - Tejeshwar’s MacBook Pro/ShedForge/ShedForge/backend/tests/test_benchmark_scheduler.py:37: Needs full integration environment with seeded data</skipped></testcase><testcase classname="backend.tests.test_bootstrap" name="test_runtime_schema_bootstrap_raises_on_validation_failure" time="0.047" /><testcase classname="backend.tests.test_conflict_service" name="test_detect_room_conflict" time="0.001" /><testcase classname="backend.tests.test_conflict_service" name="test_detect_faculty_conflict" time="0.001" /><testcase classname="backend.tests.test_conflict_service" name="test_detect_capacity_conflict" time="0.001" /><testcase classname="backend.tests.test_conflict_service" name="test_no_conflicts" time="0.001" /><testcase classname="backend.tests.test_constructive_solver" name="test_request_priority_order_lab_first" time="0.002" /><testcase classname="backend.tests.test_constructive_solver" name="test_request_priority_order_large_blocks_first" time="0.001" /><testcase classname="backend.tests.test_constructive_solver" name="test_request_priority_order_few_options_first" time="0.001" /><testcase classname="backend.tests.test_constructive_solver" name="test_constructive_individual_picks_best_fit" time="0.001" /><testcase classname="backend.tests.test_constructive_solver" name="test_constructive_individual_avoids_hard_conflicts_fallback" time="0.001" /><testcase classname="backend.tests.test_curriculum_reevaluation" name="test_curriculum_change_events_and_selective_reevaluation" time="1.315" /><testcase classname="backend.tests.test_debug_gen" name="test_run_diagonal_gen" time="47.746" /><testcase classname="backend.tests.test_elective_overlap_groups" name="test_elective_overlap_groups_publish_validation_and_cleanup" time="0.388" /><testcase classname="backend.tests.test_email_reliability" name="test_send_email_uses_backup_after_primary_rate_limit" time="0.021" /><testcase classname="backend.tests.test_email_reliability" name="test_send_email_retries_connection_drop_and_succeeds" time="0.012" /><testcase classname="backend.tests.test_email_reliability" name="test_notification_email_prefers_backup_when_enabled" time="0.010" /><testcase classname="backend.tests.test_email_reliability" name="test_send_email_raises_rate_limit_error_when_all_endpoints_exhausted" time="0.010" /><testcase classname="backend.tests.test_evolutionary_engine" name="test_generation_respects_slot_locks_with_zero_hard_conflicts" time="1.017" /><testcase classname="backend.tests.test_evolutionary_engine" name="test_generation_aligns_shared_lecture_sections" time="0.978" /><testcase classname="backend.tests.test_evolutionary_engine" name="test_generation_fails_fast_when_section_credit_load_exceeds_available_weekly_slots" time="0.279" /><testcase classname="backend.tests.test_evolutionary_engine" name="test_auto_strategy_continues_after_conflicted_hybrid_if_annealing_is_conflict_free" time="0.001" /><testcase classname="backend.tests.test_evolutionary_engine" name="test_teacher_back_to_back_slots_are_soft_penalized" time="0.001" /><testcase classname="backend.tests.test_evolutionary_engine" name="test_back_to_back_is_not_applied_to_room_or_section" time="0.001" /><testcase classname="backend.tests.test_evolutionary_engine" name="test_elective_course_must_align_time_slots_across_sections" time="0.001" /><testcase classname="backend.tests.test_evolutionary_engine" name="test_elective_course_same_slot_across_sections_is_valid" time="0.001" /><testcase classname="backend.tests.test_evolutionary_engine" name="test_single_faculty_enforcement_relaxes_when_dedicated_capacity_is_insufficient" time="0.001" /><testcase classname="backend.tests.test_faculty_preferences_and_cycle" name="test_faculty_registration_auto_creates_profile_and_allows_preference_updates" time="0.133" /><testcase classname="backend.tests.test_faculty_preferences_and_cycle" name="test_cycle_generation_avoids_cross_term_faculty_and_room_overlap" time="9.322" /><testcase classname="backend.tests.test_faculty_workload" name="test_faculty_workload_enforcement" time="0.442" /><testcase classname="backend.tests.test_fast_solver" name="test_fast_solver_basic_generation" time="1.273" /><testcase classname="backend.tests.test_fast_solver" name="test_fast_solver_handles_conflicts" time="1.970" /><testcase classname="backend.tests.test_feedback" name="test_feedback_submission_routes_to_admin_and_tracks_scope" time="3.820" /><testcase classname="backend.tests.test_feedback" name="test_feedback_creation_emits_realtime_notification_for_admin" time="3.024" /><testcase classname="backend.tests.test_feedback" name="test_feedback_thread_updates_and_notifies_reporter" time="10.522" /><testcase classname="backend.tests.test_feedback" name="test_feedback_permissions_enforced_for_non_admin_users" time="7.185" /><testcase classname="backend.tests.test_frontend_backend_contract" name="test_frontend_consumed_http_endpoints_are_exposed_by_backend" time="0.001" /><testcase classname="backend.tests.test_frontend_backend_contract" name="test_frontend_consumed_notifications_websocket_exists" time="0.001" /><testcase classname="backend.tests.test_generation_respects_unassigned_resources" name="test_generation_skips_real_room_and_faculty_when_not_required" time="0.854" /><testcase classname="backend.tests.test_generator" name="test_generation_settings_and_slot_locks" time="0.252" /><testcase classname="backend.tests.test_generator" name="test_timetable_generation_and_publish" time="1.331" /><testcase classname="backend.tests.test_generator" name="test_timetable_generation_with_simulated_annealing_strategy" time="13.610" /><testcase classname="backend.tests.test_generator" name="test_timetable_generation_with_stale_assigned_faculty" time="1.261" /><testcase classname="backend.tests.test_generator" name="test_generation_uses_feasibility_fallback_when_room_windows_block_all_slots" time="1.202" /><testcase classname="backend.tests.test_generator" name="test_generate_returns_ranked_candidates_with_warning_when_conflicts_remain" time="0.134" /><testcase classname="backend.tests.test_generator" name="test_generate_filters_out_hard_conflict_alternatives" time="0.134" /><testcase classname="backend.tests.test_generator" name="test_cycle_generation_retries_without_reserved_slots_when_strict_mode_is_infeasible" time="0.128" /><testcase classname="backend.tests.test_generator" name="test_generate_skips_publish_and_returns_warning_when_conflicts_remain" time="0.134" /><testcase classname="backend.tests.test_generator" name="test_generate_publish_persists_even_if_notification_dispatch_fails" time="0.193" /><testcase classname="backend.tests.test_governance_features" name="test_timetable_versions_notifications_and_activity_logs" time="0.254" /><testcase classname="backend.tests.test_governance_features" name="test_substitute_suggestions_and_issue_workflow" time="2.913" /><testcase classname="backend.tests.test_health" name="test_health_endpoints" time="0.110" /><testcase classname="backend.tests.test_inspect_rooms" name="test_inspect_rooms" time="0.004"><skipped type="pytest.skip" message="BTECH-CSE-2023 seed program is not present in isolated test database">/Users/tejeshwarcdr/Documents/Documents - Tejeshwar’s MacBook Pro/ShedForge/ShedForge/backend/tests/test_inspect_rooms.py:45: BTECH-CSE-2023 seed program is not present in isolated test database</skipped></testcase><testcase classname="backend.tests.test_issue_threads" name="test_issue_thread_supports_admin_replies_and_status_flow" time="7.819" /><testcase classname="backend.tests.test_issue_threads" name="test_issue_thread_permissions_are_enforced" time="0.185" /><testcase classname="backend.tests.test_leaves" name="test_faculty_leave_request_flow" time="3.127" /><testcase classname="backend.tests.test_leaves" name="test_leave_approval_creates_substitute_offer_and_faculty_can_accept" time="10.584" /><testcase classname="backend.tests.test_leaves" name="test_rejecting_last_substitute_offer_triggers_reschedule" time="8.276" /><testcase classname="backend.tests.test_notification_admin_updates" name="test_settings_updates_notify_all_non_actor_users_with_email" time="0.184" /><testcase classname="backend.tests.test_notification_admin_updates" name="test_academic_data_updates_notify_admin_scheduler_faculty_only" time="0.247" /><testcase classname="backend.tests.test_notifications_system" name="test_notification_filters_and_mark_all_read" time="6.397" /><testcase classname="backend.tests.test_notifications_system" name="test_substitute_assignment_notifies_leave_owner_and_substitute" time="0.272" /><testcase classname="backend.tests.test_notifications_system" name="test_leave_approval_auto_reassigns_slots_by_preference_and_notifies_users" time="0.287" /><testcase classname="backend.tests.test_notifications_system" name="test_leave_auto_substitute_skips_preferred_faculty_when_not_free_in_slot_window" time="2.992" /><testcase classname="backend.tests.test_notifications_system" name="test_timetable_update_targets_impacted_students" time="0.203" /><testcase classname="backend.tests.test_notifications_system" name="test_notifications_websocket_stream_receives_realtime_events" time="0.404" /><testcase classname="backend.tests.test_password_reset" name="test_password_reset_flow" time="0.131" /><testcase classname="backend.tests.test_password_reset" name="test_password_change_flow" time="0.143" /><testcase classname="backend.tests.test_performance" name="test_performance_constructive_solver" time="55.903" /><testcase classname="backend.tests.test_prerequisites" name="test_prerequisite_constraints_across_program_assignment_generation_and_publish" time="0.275" /><testcase classname="backend.tests.test_program_structure" name="test_program_structure_permissions" time="0.165" /><testcase classname="backend.tests.test_schedule_policy" name="test_schedule_policy_permissions_and_persistence" time="4.452" /><testcase classname="backend.tests.test_schedule_policy" name="test_schedule_policy_enforces_lab_slot_blocks" time="0.149" /><testcase classname="backend.tests.test_scheduler_error" name="test_scheduler_error_structure" time="0.001" /><testcase classname="backend.tests.test_scheduler_error" name="test_app_error_defaults" time="0.000" /><testcase classname="backend.tests.test_scheduling_constraints" name="test_room_overlap_prevention" time="0.002" /><testcase classname="backend.tests.test_scheduling_constraints" name="test_section_overlap_prevention" time="0.001" /><testcase classname="backend.tests.test_scheduling_constraints" name="test_room_type_consistency" time="0.001" /><testcase classname="backend.tests.test_semester_constraints" name="test_semester_constraints_crud_and_enforcement" time="0.191" /><testcase classname="backend.tests.test_semester_constraints" name="test_semester_weekly_limit_is_validated_per_section_not_global" time="0.129" /><testcase classname="backend.tests.test_settings_smtp" name="test_smtp_config_endpoint_for_admin" time="0.109" /><testcase classname="backend.tests.test_settings_smtp" name="test_smtp_test_endpoint_returns_503_with_actionable_message" time="0.150" /><testcase classname="backend.tests.test_settings_smtp" name="test_smtp_test_endpoint_returns_rate_limit_error_message" time="0.117" /><testcase classname="backend.tests.test_shared_lecture_groups" name="test_shared_lecture_group_validation_and_publish_behavior" time="0.234" /><testcase classname="backend.tests.test_student_load" name="test_curriculum_mismatch_detection" time="0.003"><skipped type="pytest.skip" message="Seed program BTECH-CSE-2023 not available in isolated test DB">/Users/tejeshwarcdr/Documents/Documents - Tejeshwar’s MacBook Pro/ShedForge/ShedForge/backend/tests/test_student_load.py:16: Seed program BTECH-CSE-2023 not available in isolated test DB</skipped></testcase><testcase classname="backend.tests.test_system_analytics" name="test_system_analytics_endpoint_aggregates_inventory_activity_and_operations" time="2.888" /><testcase classname="backend.tests.test_teacher_preferences_and_academic_cycle" name="test_student_section_required_and_faculty_workload_caps" time="0.145" /><testcase classname="backend.tests.test_teacher_preferences_and_academic_cycle" name="test_academic_cycle_settings_and_faculty_mapping_endpoint" time="7.445" /><testcase classname="backend.tests.test_teacher_preferences_and_academic_cycle" name="test_course_credit_split_validation" time="0.168" /><testcase classname="backend.tests.test_timetable_insights" name="test_timetable_conflicts_and_analytics_endpoints" time="0.209" /><testcase classname="backend.tests.test_timetable_insights" name="test_timetable_conflict_analysis_endpoint_supports_draft_payload" time="0.135" /><testcase classname="backend.tests.test_timetable_insights" name="test_conflict_decision_yes_applies_fix_and_tracks_resolution" time="0.164" /><testcase classname="backend.tests.test_timetable_insights" name="test_conflict_decision_no_keeps_conflict_open" time="0.149" /><testcase classname="backend.tests.test_timetable_insights" name="test_conflict_analysis_flags_course_faculty_inconsistency" time="0.133" /><testcase classname="backend.tests.test_timetable_offline_publish" name="test_publish_offline_filtered_and_all" time="0.256" /><testcase classname="backend.tests.test_timetable_offline_publish" name="test_publish_offline_requires_admin_or_scheduler" time="0.127" /><testcase classname="backend.tests.test_timetable_offline_publish" name="test_official_publish_persists_when_notification_dispatch_fails" time="0.202" /><testcase classname="backend.tests.test_timetable_rbac" name="test_timetable_access_control" time="0.157" /><testcase classname="backend.tests.test_timetable_rbac" name="test_official_timetable_is_scoped_for_student_and_faculty" time="0.174" /><testcase classname="backend.tests.test_timetable_rbac" name="test_published_timetable_is_isolated_per_temporary_teacher_and_student_accounts" time="0.258" /><testcase classname="backend.tests.test_timetable_rbac" name="test_faculty_scope_and_mapping_include_assistant_assignments" time="0.198" /><testcase classname="backend.tests.test_timetable_validation" name="test_timetable_validation_rejects_bad_references" time="0.115" /><testcase classname="backend.tests.test_timetable_validation" name="test_timetable_validation_rejects_primary_faculty_in_assistant_list" time="0.213" /><testcase classname="backend.tests.test_timetable_validation" name="test_mixed_ltp_keeps_lecture_single_and_practical_contiguous" time="0.148" /><testcase classname="backend.tests.test_working_hours" name="test_working_hours_enforced_for_official_timetable" time="0.144" /></testsuite></testsuites>